<?xml version="1.0" encoding="UTF-8"?>
<testsuite name="| http://automationpractice.com/index.php/ |" tests="4" skipped="0" failures="0" errors="0" timestamp="2018-11-06T12:22:07" hostname="IBM-OIHalmagyi" time="2.287">
  <properties/>
  <testcase name="Given Initialize the browser and navigate to http://automationpractice.com/index.php/" classname="| http://automationpractice.com/index.php/ |" time="0.0"/>
  <testcase name="When User enters Username an Password and logs in" classname="| http://automationpractice.com/index.php/ |" time="0.001"/>
  <testcase name="Then Verify that user is successfully logged in" classname="| http://automationpractice.com/index.php/ |" time="0.0"/>
  <testcase name="classMethod" classname="| http://automationpractice.com/index.php/ |" time="16.733"/>
  <system-out><![CDATA[Starting Firefox and navigating to the login page.
]]></system-out>
  <system-err><![CDATA[1541506915422	mozrunner::runner	INFO	Running command: "C:\\Program Files\\Mozilla Firefox\\firefox.exe" "-marionette" "-foreground" "-no-remote" "-profile" "C:\\Users\\IBM_AD~1\\AppData\\Local\\Temp\\rust_mozprofile.N4jH8U30fp8D"
1541506922628	Marionette	INFO	Listening on port 54859
1541506922857	Marionette	WARN	TLS certificate errors will be ignored for this session
Nov 06, 2018 2:22:03 PM org.openqa.selenium.remote.ProtocolHandshake createSession
INFO: Detected dialect: W3C
]]></system-err>
</testsuite>
