<?xml version="1.0" encoding="UTF-8"?>
<testsuite name="| http://www.google.com |" tests="4" skipped="0" failures="0" errors="0" timestamp="2018-11-06T12:22:30" hostname="IBM-OIHalmagyi" time="1.303">
  <properties/>
  <testcase name="Given Initialize the browser and navigate to http://www.google.com" classname="| http://www.google.com |" time="0.0"/>
  <testcase name="When User enters Username an Password and logs in" classname="| http://www.google.com |" time="0.0"/>
  <testcase name="Then Verify that user is successfully logged in" classname="| http://www.google.com |" time="0.0"/>
  <testcase name="classMethod" classname="| http://www.google.com |" time="10.252"/>
  <system-out><![CDATA[Starting Firefox and navigating to the login page.
]]></system-out>
  <system-err><![CDATA[1541506941753	mozrunner::runner	INFO	Running command: "C:\\Program Files\\Mozilla Firefox\\firefox.exe" "-marionette" "-foreground" "-no-remote" "-profile" "C:\\Users\\IBM_AD~1\\AppData\\Local\\Temp\\rust_mozprofile.is41nZtsjwXf"
1541506947289	Marionette	INFO	Listening on port 54933
1541506947411	Marionette	WARN	TLS certificate errors will be ignored for this session
Nov 06, 2018 2:22:27 PM org.openqa.selenium.remote.ProtocolHandshake createSession
INFO: Detected dialect: W3C
Unable to read VR Path Registry from C:\Users\IBM_ADMIN\AppData\Local\openvr\openvrpaths.vrpath
JavaScript error: https://www.google.com/?gws_rd=ssl, line 1: Error: a
]]></system-err>
</testsuite>
